Performing C SOURCE FILE Test CMAKE_HAVE_LIBC_PTHREAD failed with the following output:
Change Dir: /home/dave/catkin_ws/src/autoTOTask/cmake-build-debug/CMakeFiles/CMakeTmp

Run Build Command(s):/usr/bin/make -f Makefile cmTC_b8815/fast && /usr/bin/make  -f CMakeFiles/cmTC_b8815.dir/build.make CMakeFiles/cmTC_b8815.dir/build
make[1]: Entering directory '/home/dave/catkin_ws/src/autoTOTask/cmake-build-debug/CMakeFiles/CMakeTmp'
Building C object CMakeFiles/cmTC_b8815.dir/src.c.o
/usr/bin/cc -DCMAKE_HAVE_LIBC_PTHREAD  -fdiagnostics-color=always -o CMakeFiles/cmTC_b8815.dir/src.c.o -c /home/dave/catkin_ws/src/autoTOTask/cmake-build-debug/CMakeFiles/CMakeTmp/src.c
Linking C executable cmTC_b8815
/opt/clion-2022.3.3/bin/cmake/linux/x64/bin/cmake -E cmake_link_script CMakeFiles/cmTC_b8815.dir/link.txt --verbose=1
/usr/bin/cc -rdynamic CMakeFiles/cmTC_b8815.dir/src.c.o -o cmTC_b8815 
/usr/bin/ld: CMakeFiles/cmTC_b8815.dir/src.c.o: in function `main':
src.c:(.text+0x46): undefined reference to `pthread_create'
/usr/bin/ld: src.c:(.text+0x52): undefined reference to `pthread_detach'
/usr/bin/ld: src.c:(.text+0x5e): undefined reference to `pthread_cancel'
/usr/bin/ld: src.c:(.text+0x6f): undefined reference to `pthread_join'
collect2: error: ld returned 1 exit status
make[1]: *** [CMakeFiles/cmTC_b8815.dir/build.make:99: cmTC_b8815] Error 1
make[1]: Leaving directory '/home/dave/catkin_ws/src/autoTOTask/cmake-build-debug/CMakeFiles/CMakeTmp'
make: *** [Makefile:127: cmTC_b8815/fast] Error 2


Source file was:
#include <pthread.h>

static void* test_func(void* data)
{
  return data;
}

int main(void)
{
  pthread_t thread;
  pthread_create(&thread, NULL, test_func, NULL);
  pthread_detach(thread);
  pthread_cancel(thread);
  pthread_join(thread, NULL);
  pthread_atfork(NULL, NULL, NULL);
  pthread_exit(NULL);

  return 0;
}

Determining if the function pthread_create exists in the pthreads failed with the following output:
Change Dir: /home/dave/catkin_ws/src/autoTOTask/cmake-build-debug/CMakeFiles/CMakeTmp

Run Build Command(s):/usr/bin/make -f Makefile cmTC_1f4bf/fast && /usr/bin/make  -f CMakeFiles/cmTC_1f4bf.dir/build.make CMakeFiles/cmTC_1f4bf.dir/build
make[1]: Entering directory '/home/dave/catkin_ws/src/autoTOTask/cmake-build-debug/CMakeFiles/CMakeTmp'
Building C object CMakeFiles/cmTC_1f4bf.dir/CheckFunctionExists.c.o
/usr/bin/cc   -DCHECK_FUNCTION_EXISTS=pthread_create -fdiagnostics-color=always -o CMakeFiles/cmTC_1f4bf.dir/CheckFunctionExists.c.o -c /opt/clion-2022.3.3/bin/cmake/linux/x64/share/cmake-3.24/Modules/CheckFunctionExists.c
Linking C executable cmTC_1f4bf
/opt/clion-2022.3.3/bin/cmake/linux/x64/bin/cmake -E cmake_link_script CMakeFiles/cmTC_1f4bf.dir/link.txt --verbose=1
/usr/bin/cc  -DCHECK_FUNCTION_EXISTS=pthread_create -rdynamic CMakeFiles/cmTC_1f4bf.dir/CheckFunctionExists.c.o -o cmTC_1f4bf  -lpthreads 
/usr/bin/ld: cannot find -lpthreads
collect2: error: ld returned 1 exit status
make[1]: *** [CMakeFiles/cmTC_1f4bf.dir/build.make:99: cmTC_1f4bf] Error 1
make[1]: Leaving directory '/home/dave/catkin_ws/src/autoTOTask/cmake-build-debug/CMakeFiles/CMakeTmp'
make: *** [Makefile:127: cmTC_1f4bf/fast] Error 2



